<?xml version="1.0" encoding="UTF-8"?>
<!-- Generated by org.testng.reporters.JUnitReportReporter -->
<testsuite hostname="WINDOWS-MVS0HHF" failures="0" tests="4" name="TestPack.HomePage_Links" time="8.308" errors="0" timestamp="2025-06-17T14:27:05 IST" skipped="0">
  <testcase classname="TestPack.HomePage_Links" name="verifyProviderPageLink" time="1.041"/>
  <testcase classname="TestPack.HomePage_Links" name="verifyBlogsPageLink" time="3.969"/>
  <testcase classname="TestPack.HomePage_Links" name="verifyConsumerPageLink" time="1.722"/>
  <testcase classname="TestPack.HomePage_Links" name="verifyDoctorsPageLink" time="1.576"/>
</testsuite> <!-- TestPack.HomePage_Links -->
