<?xml version="1.0" encoding="UTF-8"?>
<!-- Generated by org.testng.reporters.JUnitReportReporter -->
<testsuite hostname="WINDOWS-MVS0HHF" failures="0" tests="1" name="TestPack.AboutPageTest" time="0.308" errors="0" timestamp="2025-06-17T11:48:27 IST" skipped="0">
  <testcase classname="TestPack.AboutPageTest" name="verifyTitle" time="0.308"/>
</testsuite> <!-- TestPack.AboutPageTest -->
